print 'контрольный пример';|integer function fi(integer x,integer y)|{|declare integer z;|z=x*(x+y);|return z;|};|string function fs(string a,string b)|{|declare string c;|declare string function substr(string a,integer p,| integer n);|c=substr(a,1,3)+b;|return c;|};|main|{|declare integer x;|declare integer y;|declare integer z;|declare string sa;|declare string sb;|declare string sc;|declare integer strlen(string p);|x=1;|y=5;|sa='1234567890';|sb='1234567890';|z=fi(x,y);|sc=fs(sa,sb);|print 'контрольный пример';|print z;|print sc;|print strlen(sc);|return 0;|};|
001 p2;
002 nfi(ni,ni)
003 {
004 dni;
005 i=i*(i+i);
006 ri;
007 };
008 sfi(si,si)
009 {
010 dsi;
011 dsfc(si,ni,
012 ni);
013 i=c(i,1,1)+i;
014 ri;
015 };
016 m
017 {
018 dni;
019 dni;
020 dni;
021 dsi;
022 dsi;
023 dsi;
024 dnc(si);
025 i=1;
026 i=1;
027 i=2;
028 i=2;
029 i=i(i,i);
030 i=i(i,i);
031 p2;
032 pi;
033 pi;
034 pc(i);
035 r1;
036 };