  Error.cpp
  FST.cpp
C:\Users\Alex\Desktop\LP_LAB16\LP_LAB16\FST.cpp(63,36): warning C4267: инициализация: преобразование из "size_t" в "short"; возможна потеря данных
  GRB.cpp
  In.cpp
  IT.cpp
C:\Users\Alex\Desktop\LP_LAB16\LP_LAB16\IT.cpp(84,36): warning C4267: =: преобразование из "size_t" в "unsigned char"; возможна потеря данных
C:\Users\Alex\Desktop\LP_LAB16\LP_LAB16\IT.cpp(104,36): warning C4267: =: преобразование из "size_t" в "unsigned char"; возможна потеря данных
  Log.cpp
  index.cpp
C:\Users\Alex\Desktop\LP_LAB16\LP_LAB16\index.cpp(34,22): warning C4101: lt_position: неиспользованная локальная переменная
  LT.cpp
  MFST.cpp
C:\Users\Alex\Desktop\LP_LAB16\LP_LAB16\MFST.cpp(240,68): warning C4267: =: преобразование из "size_t" в "short"; возможна потеря данных
  Parm.cpp
  PN.cpp
C:\Users\Alex\Desktop\LP_LAB16\LP_LAB16\PN.cpp(79,21): warning C4129: @: неизвестная escape-последовательность
  token-division.cpp
C:\Users\Alex\Desktop\LP_LAB16\LP_LAB16\token-division.cpp(83,20): warning C4305: =: усечение из "int" в "char"
C:\Users\Alex\Desktop\LP_LAB16\LP_LAB16\token-division.cpp(83,16): warning C4309: =: усечение константного значения
  Создание кода...
C:\Users\Alex\Desktop\LP_LAB16\LP_LAB16\PN.cpp(45): warning C4172: возвращение адреса локальной или временной переменной : temp
C:\Users\Alex\Desktop\LP_LAB16\LP_LAB16\PN.cpp(21): warning C4715: PN::Stack::push: значение возвращается не при всех путях выполнения
C:\Users\Alex\Desktop\LP_LAB16\LP_LAB16\PN.cpp(33): warning C4715: PN::Stack::push: значение возвращается не при всех путях выполнения
C:\Users\Alex\Desktop\LP_LAB16\LP_LAB16\LT.cpp(25): warning C4715: LT::LexTable::GetEntry: значение возвращается не при всех путях выполнения
C:\Users\Alex\Desktop\LP_LAB16\LP_LAB16\IT.cpp(165): warning C4715: IT::IdTable::GetEntry: значение возвращается не при всех путях выполнения
C:\Users\Alex\Desktop\LP_LAB16\LP_LAB16\IT.cpp(197): warning C4172: возвращение адреса локальной или временной переменной : buffer
  LP_LAB16.vcxproj -> C:\Users\Alex\Desktop\LP_LAB16\x64\Debug\LP_lab.exe
