e:\education\yap3cem\lp_lab14\кав-2021\кав-2021\x64\debug\vc142.pdb
e:\education\yap3cem\lp_lab14\кав-2021\кав-2021\x64\debug\vc142.idb
e:\education\yap3cem\lp_lab14\кав-2021\кав-2021\x64\debug\кав-2021.obj
e:\education\yap3cem\lp_lab14\кав-2021\кав-2021\x64\debug\stdafx.obj
e:\education\yap3cem\lp_lab14\кав-2021\кав-2021\x64\debug\parm.obj
e:\education\yap3cem\lp_lab14\кав-2021\кав-2021\x64\debug\lt.obj
e:\education\yap3cem\lp_lab14\кав-2021\кав-2021\x64\debug\log.obj
e:\education\yap3cem\lp_lab14\кав-2021\кав-2021\x64\debug\lex.obj
e:\education\yap3cem\lp_lab14\кав-2021\кав-2021\x64\debug\it.obj
e:\education\yap3cem\lp_lab14\кав-2021\кав-2021\x64\debug\in.obj
e:\education\yap3cem\lp_lab14\кав-2021\кав-2021\x64\debug\error.obj
e:\education\yap3cem\lp_lab14\кав-2021\x64\debug\кав-2021.exe
e:\education\yap3cem\lp_lab14\кав-2021\x64\debug\кав-2021.ilk
e:\education\yap3cem\lp_lab14\кав-2021\x64\debug\кав-2021.pdb
e:\education\yap3cem\lp_lab14\кав-2021\кав-2021\x64\debug\mma-2021.obj
e:\education\yap3cem\lp_lab14\кав-2021\кав-2021\x64\debug\кав-2021.tlog\cl.command.1.tlog
e:\education\yap3cem\lp_lab14\кав-2021\кав-2021\x64\debug\кав-2021.tlog\cl.read.1.tlog
e:\education\yap3cem\lp_lab14\кав-2021\кав-2021\x64\debug\кав-2021.tlog\cl.write.1.tlog
e:\education\yap3cem\lp_lab14\кав-2021\кав-2021\x64\debug\кав-2021.tlog\link.command.1.tlog
e:\education\yap3cem\lp_lab14\кав-2021\кав-2021\x64\debug\кав-2021.tlog\link.read.1.tlog
e:\education\yap3cem\lp_lab14\кав-2021\кав-2021\x64\debug\кав-2021.tlog\link.write.1.tlog
